<?xml version="1.0" encoding="UTF-8"?>
<testsuite xmlns:xsi="http://www.w3.org/2001/XMLSchema-instance" xsi:noNamespaceSchemaLocation="https://maven.apache.org/surefire/maven-surefire-plugin/xsd/surefire-test-report-3.0.xsd" version="3.0" name="me.jndildap.bukkit.bookexploit.WildcardMatcherTest" time="0.149" tests="31" errors="0" skipped="0" failures="0">
  <properties>
    <property name="java.specification.version" value="21"/>
    <property name="sun.cpu.isalist" value="amd64"/>
    <property name="sun.jnu.encoding" value="Cp1252"/>
    <property name="java.class.path" value="C:\Users\Administrator\Downloads\BookExploitFix-master\target\test-classes;C:\Users\Administrator\Downloads\BookExploitFix-master\target\classes;C:\Users\Administrator\.m2\repository\org\spigotmc\spigot-api\1.14.4-R0.1-SNAPSHOT\spigot-api-1.14.4-R0.1-SNAPSHOT.jar;C:\Users\Administrator\.m2\repository\commons-lang\commons-lang\2.6\commons-lang-2.6.jar;C:\Users\Administrator\.m2\repository\com\google\guava\guava\21.0\guava-21.0.jar;C:\Users\Administrator\.m2\repository\com\google\code\gson\gson\2.8.0\gson-2.8.0.jar;C:\Users\Administrator\.m2\repository\net\md-5\bungeecord-chat\1.13-SNAPSHOT\bungeecord-chat-1.13-SNAPSHOT.jar;C:\Users\Administrator\.m2\repository\org\yaml\snakeyaml\1.23\snakeyaml-1.23.jar;C:\Users\Administrator\.m2\repository\org\jetbrains\annotations\20.1.0\annotations-20.1.0.jar;C:\Users\Administrator\.m2\repository\com\comphenix\protocol\ProtocolLib\4.5.0\ProtocolLib-4.5.0.jar;C:\Users\Administrator\.m2\repository\cglib\cglib-nodep\3.2.5\cglib-nodep-3.2.5.jar;C:\Users\Administrator\.m2\repository\com\comphenix\executors\BukkitExecutors\1.1-SNAPSHOT\BukkitExecutors-1.1-SNAPSHOT.jar;C:\Users\Administrator\.m2\repository\org\junit\jupiter\junit-jupiter-api\5.10.0\junit-jupiter-api-5.10.0.jar;C:\Users\Administrator\.m2\repository\org\opentest4j\opentest4j\1.3.0\opentest4j-1.3.0.jar;C:\Users\Administrator\.m2\repository\org\junit\platform\junit-platform-commons\1.10.0\junit-platform-commons-1.10.0.jar;C:\Users\Administrator\.m2\repository\org\apiguardian\apiguardian-api\1.1.2\apiguardian-api-1.1.2.jar;C:\Users\Administrator\.m2\repository\org\junit\jupiter\junit-jupiter-params\5.10.0\junit-jupiter-params-5.10.0.jar;C:\Users\Administrator\.m2\repository\org\junit\jupiter\junit-jupiter-engine\5.10.0\junit-jupiter-engine-5.10.0.jar;C:\Users\Administrator\.m2\repository\org\junit\platform\junit-platform-engine\1.10.0\junit-platform-engine-1.10.0.jar;"/>
    <property name="java.vm.vendor" value="Azul Systems, Inc."/>
    <property name="sun.arch.data.model" value="64"/>
    <property name="user.variant" value=""/>
    <property name="java.vendor.url" value="http://www.azul.com/"/>
    <property name="user.timezone" value="Asia/Bangkok"/>
    <property name="os.name" value="Windows 11"/>
    <property name="java.vm.specification.version" value="21"/>
    <property name="sun.java.launcher" value="SUN_STANDARD"/>
    <property name="user.country" value="US"/>
    <property name="sun.boot.library.path" value="C:\Program Files\Zulu\zulu-21\bin"/>
    <property name="sun.java.command" value="C:\Users\Administrator\AppData\Local\Temp\surefire15046867960470794040\surefirebooter-20241005184148167_3.jar C:\Users\Administrator\AppData\Local\Temp\surefire15046867960470794040 2024-10-05T18-41-47_983-jvmRun1 surefire-20241005184148167_1tmp surefire_0-20241005184148167_2tmp"/>
    <property name="jdk.debug" value="release"/>
    <property name="surefire.test.class.path" value="C:\Users\Administrator\Downloads\BookExploitFix-master\target\test-classes;C:\Users\Administrator\Downloads\BookExploitFix-master\target\classes;C:\Users\Administrator\.m2\repository\org\spigotmc\spigot-api\1.14.4-R0.1-SNAPSHOT\spigot-api-1.14.4-R0.1-SNAPSHOT.jar;C:\Users\Administrator\.m2\repository\commons-lang\commons-lang\2.6\commons-lang-2.6.jar;C:\Users\Administrator\.m2\repository\com\google\guava\guava\21.0\guava-21.0.jar;C:\Users\Administrator\.m2\repository\com\google\code\gson\gson\2.8.0\gson-2.8.0.jar;C:\Users\Administrator\.m2\repository\net\md-5\bungeecord-chat\1.13-SNAPSHOT\bungeecord-chat-1.13-SNAPSHOT.jar;C:\Users\Administrator\.m2\repository\org\yaml\snakeyaml\1.23\snakeyaml-1.23.jar;C:\Users\Administrator\.m2\repository\org\jetbrains\annotations\20.1.0\annotations-20.1.0.jar;C:\Users\Administrator\.m2\repository\com\comphenix\protocol\ProtocolLib\4.5.0\ProtocolLib-4.5.0.jar;C:\Users\Administrator\.m2\repository\cglib\cglib-nodep\3.2.5\cglib-nodep-3.2.5.jar;C:\Users\Administrator\.m2\repository\com\comphenix\executors\BukkitExecutors\1.1-SNAPSHOT\BukkitExecutors-1.1-SNAPSHOT.jar;C:\Users\Administrator\.m2\repository\org\junit\jupiter\junit-jupiter-api\5.10.0\junit-jupiter-api-5.10.0.jar;C:\Users\Administrator\.m2\repository\org\opentest4j\opentest4j\1.3.0\opentest4j-1.3.0.jar;C:\Users\Administrator\.m2\repository\org\junit\platform\junit-platform-commons\1.10.0\junit-platform-commons-1.10.0.jar;C:\Users\Administrator\.m2\repository\org\apiguardian\apiguardian-api\1.1.2\apiguardian-api-1.1.2.jar;C:\Users\Administrator\.m2\repository\org\junit\jupiter\junit-jupiter-params\5.10.0\junit-jupiter-params-5.10.0.jar;C:\Users\Administrator\.m2\repository\org\junit\jupiter\junit-jupiter-engine\5.10.0\junit-jupiter-engine-5.10.0.jar;C:\Users\Administrator\.m2\repository\org\junit\platform\junit-platform-engine\1.10.0\junit-platform-engine-1.10.0.jar;"/>
    <property name="sun.cpu.endian" value="little"/>
    <property name="user.home" value="C:\Users\Administrator"/>
    <property name="user.language" value="en"/>
    <property name="java.specification.vendor" value="Oracle Corporation"/>
    <property name="java.version.date" value="2024-07-16"/>
    <property name="java.home" value="C:\Program Files\Zulu\zulu-21"/>
    <property name="file.separator" value="\"/>
    <property name="basedir" value="C:\Users\Administrator\Downloads\BookExploitFix-master"/>
    <property name="java.vm.compressedOopsMode" value="Zero based"/>
    <property name="line.separator" value="&#10;"/>
    <property name="java.vm.specification.vendor" value="Oracle Corporation"/>
    <property name="java.specification.name" value="Java Platform API Specification"/>
    <property name="surefire.real.class.path" value="C:\Users\Administrator\AppData\Local\Temp\surefire15046867960470794040\surefirebooter-20241005184148167_3.jar"/>
    <property name="user.script" value=""/>
    <property name="sun.management.compiler" value="HotSpot 64-Bit Tiered Compilers"/>
    <property name="java.runtime.version" value="21.0.4+7-LTS"/>
    <property name="user.name" value="Administrator"/>
    <property name="stdout.encoding" value="Cp1252"/>
    <property name="path.separator" value=";"/>
    <property name="os.version" value="10.0"/>
    <property name="java.runtime.name" value="OpenJDK Runtime Environment"/>
    <property name="file.encoding" value="UTF-8"/>
    <property name="java.vm.name" value="OpenJDK 64-Bit Server VM"/>
    <property name="java.vendor.version" value="Zulu21.36+17-CA"/>
    <property name="localRepository" value="C:\Users\Administrator\.m2\repository"/>
    <property name="java.vendor.url.bug" value="http://www.azul.com/support/"/>
    <property name="java.io.tmpdir" value="C:\Users\ADMINI~1\AppData\Local\Temp\"/>
    <property name="idea.version" value="2024.1.4"/>
    <property name="java.version" value="21.0.4"/>
    <property name="user.dir" value="C:\Users\Administrator\Downloads\BookExploitFix-master"/>
    <property name="os.arch" value="amd64"/>
    <property name="java.vm.specification.name" value="Java Virtual Machine Specification"/>
    <property name="sun.os.patch.level" value=""/>
    <property name="native.encoding" value="Cp1252"/>
    <property name="java.library.path" value="C:\Program Files\Zulu\zulu-21\bin;C:\Windows\Sun\Java\bin;C:\Windows\system32;C:\Windows;C:\Program Files\Zulu\zulu-21\bin\;C:\Program Files\Zulu\zulu-17\bin\;C:\Program Files\Zulu\zulu-11\bin\;C:\Program Files\Zulu\zulu-8\bin\;C:\Program Files (x86)\Common Files\Intel\Shared Libraries\redist\intel64\compiler;C:\Program Files\Python312\Scripts\;C:\Program Files\Python312\;C:\Windows\system32;C:\Windows;C:\Windows\System32\Wbem;C:\Windows\System32\WindowsPowerShell\v1.0\;C:\Windows\System32\OpenSSH\;C:\ProgramData\chocolatey\bin;C:\Program Files (x86)\NVIDIA Corporation\PhysX\Common;C:\Program Files\NVIDIA Corporation\NVIDIA NvDLISR;C:\Program Files\nodejs\;C:\Program Files (x86)\Bitvise SSH Client;C:\Users\Administrator\apache-maven-3.9.7\bin;C:\Gradle\gradle-8.7\bin;C:\Users\Administrator\AppData\Roaming\MCPTool\;C:\Program Files\Cloudflare\Cloudflare WARP\;C:\Program Files\Docker\Docker\resources\bin;C:\Program Files\PuTTY\;C:\Program Files\Git\cmd;C:\Program Files\dotnet\;C:\Program Files\PowerShell\7\;C:\Program Files\playit_gg\bin\;C:\Users\Administrator\AppData\Local\Microsoft\WindowsApps;;C:\Program Files\JetBrains\IntelliJ IDEA Community Edition 2024.1.4\bin;;C:\Program Files\JetBrains\PyCharm Community Edition 2023.3.3\bin;;C:\Users\Administrator\AppData\Roaming\npm;C:\Program Files (x86)\Nmap;C:\Program Files\JetBrains\DataGrip 2024.1.4\bin;;."/>
    <property name="java.vm.info" value="mixed mode, sharing"/>
    <property name="stderr.encoding" value="Cp1252"/>
    <property name="java.vendor" value="Azul Systems, Inc."/>
    <property name="java.vm.version" value="21.0.4+7-LTS"/>
    <property name="sun.io.unicode.encoding" value="UnicodeLittle"/>
    <property name="java.class.version" value="65.0"/>
  </properties>
  <testcase name="matchIncorrectWildcardStrings(String)[1]" classname="me.jndildap.bukkit.bookexploit.WildcardMatcherTest" time="0.034"/>
  <testcase name="matchIncorrectWildcardStrings(String)[2]" classname="me.jndildap.bukkit.bookexploit.WildcardMatcherTest" time="0.001"/>
  <testcase name="matchIncorrectWildcardStrings(String)[3]" classname="me.jndildap.bukkit.bookexploit.WildcardMatcherTest" time="0.002"/>
  <testcase name="matchIncorrectWildcardStrings(String)[4]" classname="me.jndildap.bukkit.bookexploit.WildcardMatcherTest" time="0.001"/>
  <testcase name="matchIncorrectWildcardStrings(String)[5]" classname="me.jndildap.bukkit.bookexploit.WildcardMatcherTest" time="0.001"/>
  <testcase name="matchIncorrectWildcardStrings(String)[6]" classname="me.jndildap.bukkit.bookexploit.WildcardMatcherTest" time="0.001"/>
  <testcase name="matchIncorrectWildcardStrings(String)[7]" classname="me.jndildap.bukkit.bookexploit.WildcardMatcherTest" time="0.001"/>
  <testcase name="matchIncorrectWildcardStrings(String)[8]" classname="me.jndildap.bukkit.bookexploit.WildcardMatcherTest" time="0.002"/>
  <testcase name="matchIncorrectRegularStrings(String)[1]" classname="me.jndildap.bukkit.bookexploit.WildcardMatcherTest" time="0.001"/>
  <testcase name="matchIncorrectRegularStrings(String)[2]" classname="me.jndildap.bukkit.bookexploit.WildcardMatcherTest" time="0.001"/>
  <testcase name="matchIncorrectRegularStrings(String)[3]" classname="me.jndildap.bukkit.bookexploit.WildcardMatcherTest" time="0.001"/>
  <testcase name="matchIncorrectRegularStrings(String)[4]" classname="me.jndildap.bukkit.bookexploit.WildcardMatcherTest" time="0.001"/>
  <testcase name="matchIncorrectRegularStrings(String)[5]" classname="me.jndildap.bukkit.bookexploit.WildcardMatcherTest" time="0.001"/>
  <testcase name="matchIncorrectRegularStrings(String)[6]" classname="me.jndildap.bukkit.bookexploit.WildcardMatcherTest" time="0.001"/>
  <testcase name="matchIncorrectRegularStrings(String)[7]" classname="me.jndildap.bukkit.bookexploit.WildcardMatcherTest" time="0.001"/>
  <testcase name="matchCorrectRegularStrings(String)[1]" classname="me.jndildap.bukkit.bookexploit.WildcardMatcherTest" time="0.003"/>
  <testcase name="matchCorrectRegularStrings(String)[2]" classname="me.jndildap.bukkit.bookexploit.WildcardMatcherTest" time="0.001"/>
  <testcase name="matchCorrectRegularStrings(String)[3]" classname="me.jndildap.bukkit.bookexploit.WildcardMatcherTest" time="0.002"/>
  <testcase name="matchCorrectRegularStrings(String)[4]" classname="me.jndildap.bukkit.bookexploit.WildcardMatcherTest" time="0.001"/>
  <testcase name="matchCorrectRegularStrings(String)[5]" classname="me.jndildap.bukkit.bookexploit.WildcardMatcherTest" time="0.001"/>
  <testcase name="matchCorrectRegularStrings(String)[6]" classname="me.jndildap.bukkit.bookexploit.WildcardMatcherTest" time="0.0"/>
  <testcase name="matchCorrectRegularStrings(String)[7]" classname="me.jndildap.bukkit.bookexploit.WildcardMatcherTest" time="0.001"/>
  <testcase name="matchCorrectWildcardStrings(String)[1]" classname="me.jndildap.bukkit.bookexploit.WildcardMatcherTest" time="0.001"/>
  <testcase name="matchCorrectWildcardStrings(String)[2]" classname="me.jndildap.bukkit.bookexploit.WildcardMatcherTest" time="0.0"/>
  <testcase name="matchCorrectWildcardStrings(String)[3]" classname="me.jndildap.bukkit.bookexploit.WildcardMatcherTest" time="0.001"/>
  <testcase name="matchCorrectWildcardStrings(String)[4]" classname="me.jndildap.bukkit.bookexploit.WildcardMatcherTest" time="0.001"/>
  <testcase name="matchCorrectWildcardStrings(String)[5]" classname="me.jndildap.bukkit.bookexploit.WildcardMatcherTest" time="0.001"/>
  <testcase name="matchCorrectWildcardStrings(String)[6]" classname="me.jndildap.bukkit.bookexploit.WildcardMatcherTest" time="0.001"/>
  <testcase name="matchCorrectWildcardStrings(String)[7]" classname="me.jndildap.bukkit.bookexploit.WildcardMatcherTest" time="0.002"/>
  <testcase name="matchCorrectWildcardStrings(String)[8]" classname="me.jndildap.bukkit.bookexploit.WildcardMatcherTest" time="0.001"/>
  <testcase name="matchCorrectWildcardStrings(String)[9]" classname="me.jndildap.bukkit.bookexploit.WildcardMatcherTest" time="0.0"/>
</testsuite>